<?xml version="1.0" encoding="UTF-8"?>
<!-- Generated by org.testng.reporters.JUnitXMLReporter -->
<testsuite hostname="Krishnavenis-MacBook-Air.local"
	ignored="1" name="PageChecks" tests="1" failures="1"
	timestamp="2021-11-19T07:44:10 IST" time="0.125" errors="0">
	<testcase name="checkHomePage" time="0.071"
		classname="TSuites.SiteMap">
		<failure type="java.lang.IllegalArgumentException"
			message="Input must be set">
      <![CDATA[java.lang.IllegalArgumentException: Input must be set
at org.openqa.selenium.internal.Require.nonNull(Require.java:56)
at org.openqa.selenium.support.ui.FluentWait.<init>(FluentWait.java:97)
at org.openqa.selenium.support.ui.WebDriverWait.<init>(WebDriverWait.java:128)
at org.openqa.selenium.support.ui.WebDriverWait.<init>(WebDriverWait.java:61)
at TSuites.SiteMap.checkHomePage(SiteMap.java:20)
at java.util.ArrayList.forEach(ArrayList.java:1259)
... Removed 27 stack frames]]>
		</failure>
	</testcase> <!-- checkHomePage -->
	<testcase name="checkContactPage" time="0.0"
		classname="TSuites.SiteMap">
		<ignored />
	</testcase> <!-- checkContactPage -->
</testsuite> <!-- PageChecks -->
