<?xml version="1.0" encoding="UTF-8"?>
<!-- Generated by org.testng.reporters.JUnitXMLReporter -->
<testsuite hostname="Krishnavenis-MacBook-Air.local" ignored="10" name="Tsuites" tests="20" failures="1" timestamp="2021-11-25T13:57:22 IST" time="124.708" errors="0">
  <testcase name="validateAboutPage" time="4.534" classname="TSuites.SiteMap_Common"/>
  <testcase name="validateHomePage" time="3.074" classname="TSuites.SiteMap_Common"/>
  <testcase name="validateContactPage" time="2.201" classname="TSuites.SiteMap_Common"/>
  <testcase name="validateViewProducts" time="6.355" classname="TSuites.SiteMap_Common"/>
  <testcase name="validateAntipyreticsViewProducts" time="9.312" classname="TSuites.SiteMap_Common"/>
  <testcase name="validateAnalgesicsViewProducts" time="9.178" classname="TSuites.SiteMap_Common"/>
  <testcase name="validateAntibioticsViewProducts" time="9.23" classname="TSuites.SiteMap_Common"/>
  <testcase name="validateSignupPage" time="2.26" classname="TSuites.SiteMap_Common"/>
  <testcase name="validateLoginPage" time="3.394" classname="TSuites.SiteMap_Common"/>
  <testcase name="InValidUserLoginCheck" time="4.737" classname="TSuites.Shopping"/>
  <testcase name="InValidPasswordLoginCheck" time="4.628" classname="TSuites.Shopping"/>
  <testcase name="ValidUserLoginCheck" time="4.845" classname="TSuites.Shopping"/>
  <testcase name="ViewProductList" time="4.383" classname="TSuites.Shopping"/>
  <testcase name="MedAddCart" time="11.839" classname="TSuites.Shopping"/>
  <testcase name="checkCart" time="9.369" classname="TSuites.Shopping"/>
  <testcase name="selectShipping" time="9.448" classname="TSuites.Shopping"/>
  <testcase name="orderConfirm" time="7.198" classname="TSuites.Shopping"/>
  <testcase name="userLogOutClick" time="4.127" classname="TSuites.Shopping"/>
  <testcase name="userLogOutConfirm" time="4.056" classname="TSuites.Shopping"/>
  <testcase name="ValidAdminUserLoginCheck" time="4.482" classname="TSuites.AdminActions">
    <failure type="java.lang.AssertionError" message="expected [Test User] but found [Vikas Kashyap]">
      <![CDATA[java.lang.AssertionError: expected [Test User] but found [Vikas Kashyap]
at pageobjects.LogInPage.ValidAdminUserLog(LogInPage.java:76)
at TSuites.AdminActions.ValidAdminUserLoginCheck(AdminActions.java:14)
at java.util.ArrayList.forEach(ArrayList.java:1259)
... Removed 33 stack frames]]>
    </failure>
  </testcase> <!-- ValidAdminUserLoginCheck -->
  <testcase name="userLogOutClick" time="0.0" classname="TSuites.AdminActions">
    <ignored/>
  </testcase> <!-- userLogOutClick -->
  <testcase name="@AfterTest TearDown" time="0.0" classname="TSuites.Base">
    <ignored/>
  </testcase> <!-- @AfterTest TearDown -->
  <testcase name="@AfterTest TearDown" time="0.0" classname="TSuites.Base">
    <ignored/>
  </testcase> <!-- @AfterTest TearDown -->
  <testcase name="EditedMedQty" time="0.0" classname="TSuites.AdminActions">
    <ignored/>
  </testcase> <!-- EditedMedQty -->
  <testcase name="EditMedQty" time="0.0" classname="TSuites.AdminActions">
    <ignored/>
  </testcase> <!-- EditMedQty -->
  <testcase name="AddMedicine" time="0.0" classname="TSuites.AdminActions">
    <ignored/>
  </testcase> <!-- AddMedicine -->
  <testcase name="@BeforeTest setup" time="0.0" classname="TSuites.Base">
    <ignored/>
  </testcase> <!-- @BeforeTest setup -->
  <testcase name="@BeforeTest setup" time="0.0" classname="TSuites.Base">
    <ignored/>
  </testcase> <!-- @BeforeTest setup -->
  <testcase name="userLogOutConfirm" time="0.0" classname="TSuites.AdminActions">
    <ignored/>
  </testcase> <!-- userLogOutConfirm -->
  <testcase name="ManageProductsPageConfirm" time="0.0" classname="TSuites.AdminActions">
    <ignored/>
  </testcase> <!-- ManageProductsPageConfirm -->
</testsuite> <!-- Tsuites -->
