<html>
<head>
<title>TestNG:  Tsuites</title>
<link href="../testng.css" rel="stylesheet" type="text/css" />
<link href="../my-testng.css" rel="stylesheet" type="text/css" />

<style type="text/css">
.log { display: none;} 
.stack-trace { display: none;} 
</style>
<script type="text/javascript">
<!--
function flip(e) {
  current = e.style.display;
  if (current == 'block') {
    e.style.display = 'none';
    return 0;
  }
  else {
    e.style.display = 'block';
    return 1;
  }
}

function toggleBox(szDivId, elem, msg1, msg2)
{
  var res = -1;  if (document.getElementById) {
    res = flip(document.getElementById(szDivId));
  }
  else if (document.all) {
    // this is the way old msie versions work
    res = flip(document.all[szDivId]);
  }
  if(elem) {
    if(res == 0) elem.innerHTML = msg1; else elem.innerHTML = msg2;
  }

}

function toggleAllBoxes() {
  if (document.getElementsByTagName) {
    d = document.getElementsByTagName('div');
    for (i = 0; i < d.length; i++) {
      if (d[i].className == 'log') {
        flip(d[i]);
      }
    }
  }
}

// -->
</script>

</head>
<body>
<h2 align='center'>Tsuites</h2><table border='1' align="center">
<tr>
<td>Tests passed/Failed/Skipped:</td><td>19/1/0</td>
</tr><tr>
<td>Started on:</td><td>Thu Nov 25 13:55:17 IST 2021</td>
</tr>
<tr><td>Total time:</td><td>124 seconds (124708 ms)</td>
</tr><tr>
<td>Included groups:</td><td></td>
</tr><tr>
<td>Excluded groups:</td><td></td>
</tr>
</table><p/>
<small><i>(Hover the method name to see the test class name)</i></small><p/>
<table width='100%' border='1' class='invocation-failed'>
<tr><td colspan='4' align='center'><b>FAILED TESTS</b></td></tr>
<tr><td><b>Test method</b></td>
<td width="30%"><b>Exception</b></td>
<td width="10%"><b>Time (seconds)</b></td>
<td><b>Instance</b></td>
</tr>
<tr>
<td title='TSuites.AdminActions.ValidAdminUserLoginCheck()'><b>ValidAdminUserLoginCheck</b><br>Test class: TSuites.AdminActions<br>Parameters: vk@gmail.com, admin</td>
<td><div><pre>java.lang.AssertionError: expected [Test User] but found [Vikas Kashyap]
	at pageobjects.LogInPage.ValidAdminUserLog(LogInPage.java:76)
	at TSuites.AdminActions.ValidAdminUserLoginCheck(AdminActions.java:14)
	at java.util.ArrayList.forEach(ArrayList.java:1259)
... Removed 33 stack frames</pre></div><a href='#' onClick='toggleBox("stack-trace1713129148", this, "Click to show all stack frames", "Click to hide stack frames")'>Click to show all stack frames</a>
<div class='stack-trace' id='stack-trace1713129148'><pre>java.lang.AssertionError: expected [Test User] but found [Vikas Kashyap]
	at org.testng.Assert.fail(Assert.java:99)
	at org.testng.Assert.failNotEquals(Assert.java:1037)
	at org.testng.Assert.assertEqualsImpl(Assert.java:140)
	at org.testng.Assert.assertEquals(Assert.java:122)
	at org.testng.Assert.assertEquals(Assert.java:629)
	at org.testng.Assert.assertEquals(Assert.java:639)
	at pageobjects.LogInPage.ValidAdminUserLog(LogInPage.java:76)
	at TSuites.AdminActions.ValidAdminUserLoginCheck(AdminActions.java:14)
	at sun.reflect.NativeMethodAccessorImpl.invoke0(Native Method)
	at sun.reflect.NativeMethodAccessorImpl.invoke(NativeMethodAccessorImpl.java:62)
	at sun.reflect.DelegatingMethodAccessorImpl.invoke(DelegatingMethodAccessorImpl.java:43)
	at java.lang.reflect.Method.invoke(Method.java:498)
	at org.testng.internal.MethodInvocationHelper.invokeMethod(MethodInvocationHelper.java:133)
	at org.testng.internal.TestInvoker.invokeMethod(TestInvoker.java:598)
	at org.testng.internal.TestInvoker.invokeTestMethod(TestInvoker.java:173)
	at org.testng.internal.MethodRunner.runInSequence(MethodRunner.java:46)
	at org.testng.internal.TestInvoker$MethodInvocationAgent.invoke(TestInvoker.java:824)
	at org.testng.internal.TestInvoker.invokeTestMethods(TestInvoker.java:146)
	at org.testng.internal.TestMethodWorker.invokeTestMethods(TestMethodWorker.java:146)
	at org.testng.internal.TestMethodWorker.run(TestMethodWorker.java:128)
	at java.util.ArrayList.forEach(ArrayList.java:1259)
	at org.testng.TestRunner.privateRun(TestRunner.java:794)
	at org.testng.TestRunner.run(TestRunner.java:596)
	at org.testng.SuiteRunner.runTest(SuiteRunner.java:377)
	at org.testng.SuiteRunner.runSequentially(SuiteRunner.java:371)
	at org.testng.SuiteRunner.privateRun(SuiteRunner.java:332)
	at org.testng.SuiteRunner.run(SuiteRunner.java:276)
	at org.testng.SuiteRunnerWorker.runSuite(SuiteRunnerWorker.java:53)
	at org.testng.SuiteRunnerWorker.run(SuiteRunnerWorker.java:96)
	at org.testng.TestNG.runSuitesSequentially(TestNG.java:1212)
	at org.testng.TestNG.runSuitesLocally(TestNG.java:1134)
	at org.testng.TestNG.runSuites(TestNG.java:1063)
	at org.testng.TestNG.run(TestNG.java:1031)
	at org.testng.remote.AbstractRemoteTestNG.run(AbstractRemoteTestNG.java:115)
	at org.testng.remote.RemoteTestNG.initAndRun(RemoteTestNG.java:251)
	at org.testng.remote.RemoteTestNG.main(RemoteTestNG.java:77)
</pre></div></td>
<td>4</td>
<td>TSuites.AdminActions@2eda0940</td></tr>
</table><p>
<table width='100%' border='1' class='invocation-passed'>
<tr><td colspan='4' align='center'><b>PASSED TESTS</b></td></tr>
<tr><td><b>Test method</b></td>
<td width="30%"><b>Exception</b></td>
<td width="10%"><b>Time (seconds)</b></td>
<td><b>Instance</b></td>
</tr>
<tr>
<td title='TSuites.SiteMap_Common.validateSignupPage()'><b>validateSignupPage</b><br>Test class: TSuites.SiteMap_Common</td>
<td></td>
<td>2</td>
<td>TSuites.SiteMap_Common@150c158</td></tr>
<tr>
<td title='TSuites.Shopping.userLogOutConfirm()'><b>userLogOutConfirm</b><br>Test class: TSuites.Shopping</td>
<td></td>
<td>4</td>
<td>TSuites.Shopping@eb21112</td></tr>
<tr>
<td title='TSuites.SiteMap_Common.validateAnalgesicsViewProducts()'><b>validateAnalgesicsViewProducts</b><br>Test class: TSuites.SiteMap_Common</td>
<td></td>
<td>9</td>
<td>TSuites.SiteMap_Common@150c158</td></tr>
<tr>
<td title='TSuites.SiteMap_Common.validateAboutPage()'><b>validateAboutPage</b><br>Test class: TSuites.SiteMap_Common</td>
<td></td>
<td>4</td>
<td>TSuites.SiteMap_Common@150c158</td></tr>
<tr>
<td title='TSuites.SiteMap_Common.validateHomePage()'><b>validateHomePage</b><br>Test class: TSuites.SiteMap_Common</td>
<td></td>
<td>3</td>
<td>TSuites.SiteMap_Common@150c158</td></tr>
<tr>
<td title='TSuites.Shopping.MedAddCart()'><b>MedAddCart</b><br>Test class: TSuites.Shopping<br>Parameters: Combiflame, Amoxicillin</td>
<td></td>
<td>11</td>
<td>TSuites.Shopping@eb21112</td></tr>
<tr>
<td title='TSuites.SiteMap_Common.validateViewProducts()'><b>validateViewProducts</b><br>Test class: TSuites.SiteMap_Common</td>
<td></td>
<td>6</td>
<td>TSuites.SiteMap_Common@150c158</td></tr>
<tr>
<td title='TSuites.Shopping.InValidPasswordLoginCheck()'><b>InValidPasswordLoginCheck</b><br>Test class: TSuites.Shopping<br>Parameters: tu@gmail.com, </td>
<td></td>
<td>4</td>
<td>TSuites.Shopping@eb21112</td></tr>
<tr>
<td title='TSuites.SiteMap_Common.validateLoginPage()'><b>validateLoginPage</b><br>Test class: TSuites.SiteMap_Common</td>
<td></td>
<td>3</td>
<td>TSuites.SiteMap_Common@150c158</td></tr>
<tr>
<td title='TSuites.SiteMap_Common.validateAntibioticsViewProducts()'><b>validateAntibioticsViewProducts</b><br>Test class: TSuites.SiteMap_Common</td>
<td></td>
<td>9</td>
<td>TSuites.SiteMap_Common@150c158</td></tr>
<tr>
<td title='TSuites.Shopping.orderConfirm()'><b>orderConfirm</b><br>Test class: TSuites.Shopping</td>
<td></td>
<td>7</td>
<td>TSuites.Shopping@eb21112</td></tr>
<tr>
<td title='TSuites.Shopping.InValidUserLoginCheck()'><b>InValidUserLoginCheck</b><br>Test class: TSuites.Shopping<br>Parameters: tu, 12345</td>
<td></td>
<td>4</td>
<td>TSuites.Shopping@eb21112</td></tr>
<tr>
<td title='TSuites.Shopping.ValidUserLoginCheck()'><b>ValidUserLoginCheck</b><br>Test class: TSuites.Shopping<br>Parameters: tu@gmail.com, 12345</td>
<td></td>
<td>4</td>
<td>TSuites.Shopping@eb21112</td></tr>
<tr>
<td title='TSuites.Shopping.userLogOutClick()'><b>userLogOutClick</b><br>Test class: TSuites.Shopping</td>
<td></td>
<td>4</td>
<td>TSuites.Shopping@eb21112</td></tr>
<tr>
<td title='TSuites.SiteMap_Common.validateAntipyreticsViewProducts()'><b>validateAntipyreticsViewProducts</b><br>Test class: TSuites.SiteMap_Common</td>
<td></td>
<td>9</td>
<td>TSuites.SiteMap_Common@150c158</td></tr>
<tr>
<td title='TSuites.Shopping.selectShipping()'><b>selectShipping</b><br>Test class: TSuites.Shopping</td>
<td></td>
<td>9</td>
<td>TSuites.Shopping@eb21112</td></tr>
<tr>
<td title='TSuites.Shopping.checkCart()'><b>checkCart</b><br>Test class: TSuites.Shopping<br>Parameters: Combiflame, Amoxicillin</td>
<td></td>
<td>9</td>
<td>TSuites.Shopping@eb21112</td></tr>
<tr>
<td title='TSuites.SiteMap_Common.validateContactPage()'><b>validateContactPage</b><br>Test class: TSuites.SiteMap_Common</td>
<td></td>
<td>2</td>
<td>TSuites.SiteMap_Common@150c158</td></tr>
<tr>
<td title='TSuites.Shopping.ViewProductList()'><b>ViewProductList</b><br>Test class: TSuites.Shopping</td>
<td></td>
<td>4</td>
<td>TSuites.Shopping@eb21112</td></tr>
</table><p>
</body>
</html>